have_struct_member: checking for rb_method_entry_t.called_id in method.h... -------------------- no

"gcc -o conftest -I/home/ta/.rbenv/versions/1.9.3-p327/include/ruby-1.9.1/i686-linux -I/home/ta/.rbenv/versions/1.9.3-p327/include/ruby-1.9.1/ruby/backward -I/home/ta/.rbenv/versions/1.9.3-p327/include/ruby-1.9.1 -I. -I/home/ta/.rbenv/versions/1.9.3-p327/include/ruby-1.9.1/ruby-1.9.3-p327 -I'/home/ta/.rbenv/versions/1.9.3-p327/include'  -D_FILE_OFFSET_BITS=64 -I'/home/ta/.rbenv/versions/1.9.3-p327/include'   -O3 -ggdb -Wall -Wextra -Wno-unused-parameter -Wno-parentheses -Wno-long-long -Wno-missing-field-initializers -Wpointer-arith -Wwrite-strings -Wdeclaration-after-statement -Wimplicit-function-declaration conftest.c  -L. -L/home/ta/.rbenv/versions/1.9.3-p327/lib -Wl,-R/home/ta/.rbenv/versions/1.9.3-p327/lib -L. -L'/home/ta/.rbenv/versions/1.9.3-p327/lib'  -rdynamic -Wl,-export-dynamic     -Wl,-R -Wl,/home/ta/.rbenv/versions/1.9.3-p327/lib -L/home/ta/.rbenv/versions/1.9.3-p327/lib -lruby-static  -lpthread -lrt -ldl -lcrypt -lm   -lc"
checked program was:
/* begin */
1: #include "ruby.h"
2: 
3: int main() {return 0;}
/* end */

"gcc -I/home/ta/.rbenv/versions/1.9.3-p327/include/ruby-1.9.1/i686-linux -I/home/ta/.rbenv/versions/1.9.3-p327/include/ruby-1.9.1/ruby/backward -I/home/ta/.rbenv/versions/1.9.3-p327/include/ruby-1.9.1 -I. -I/home/ta/.rbenv/versions/1.9.3-p327/include/ruby-1.9.1/ruby-1.9.3-p327 -I'/home/ta/.rbenv/versions/1.9.3-p327/include'  -D_FILE_OFFSET_BITS=64 -I'/home/ta/.rbenv/versions/1.9.3-p327/include'   -O3 -ggdb -Wall -Wextra -Wno-unused-parameter -Wno-parentheses -Wno-long-long -Wno-missing-field-initializers -Wpointer-arith -Wwrite-strings -Wdeclaration-after-statement -Wimplicit-function-declaration   -c conftest.c"
conftest.c:3:20: fatal error: method.h: No such file or directory
compilation terminated.
checked program was:
/* begin */
1: #include "ruby.h"
2: 
3: #include <method.h>
4: 
5: /*top*/
6: int main() {return 0;}
7: int s = (char *)&((rb_method_entry_t*)0)->called_id - (char *)0;
/* end */

--------------------

have_struct_member: checking for rb_control_frame_t.method_id in method.h... -------------------- no

"gcc -I/home/ta/.rbenv/versions/1.9.3-p327/include/ruby-1.9.1/i686-linux -I/home/ta/.rbenv/versions/1.9.3-p327/include/ruby-1.9.1/ruby/backward -I/home/ta/.rbenv/versions/1.9.3-p327/include/ruby-1.9.1 -I. -I/home/ta/.rbenv/versions/1.9.3-p327/include/ruby-1.9.1/ruby-1.9.3-p327 -I'/home/ta/.rbenv/versions/1.9.3-p327/include'  -D_FILE_OFFSET_BITS=64 -I'/home/ta/.rbenv/versions/1.9.3-p327/include'   -O3 -ggdb -Wall -Wextra -Wno-unused-parameter -Wno-parentheses -Wno-long-long -Wno-missing-field-initializers -Wpointer-arith -Wwrite-strings -Wdeclaration-after-statement -Wimplicit-function-declaration   -c conftest.c"
conftest.c:3:20: fatal error: method.h: No such file or directory
compilation terminated.
checked program was:
/* begin */
1: #include "ruby.h"
2: 
3: #include <method.h>
4: 
5: /*top*/
6: int main() {return 0;}
7: int s = (char *)&((rb_control_frame_t*)0)->method_id - (char *)0;
/* end */

--------------------

have_struct_member: checking for rb_method_entry_t.called_id in method.h... -------------------- no

"gcc -I/home/ta/.rbenv/versions/1.9.3-p327/include/ruby-1.9.1/i686-linux -I/home/ta/.rbenv/versions/1.9.3-p327/include/ruby-1.9.1/ruby/backward -I/home/ta/.rbenv/versions/1.9.3-p327/include/ruby-1.9.1 -I. -I/home/ta/.rbenv/versions/1.9.3-p327/include/ruby-1.9.1/ruby-1.9.3-p327  -O3 -ggdb -Wall -Wextra -Wno-unused-parameter -Wno-parentheses -Wno-long-long -Wno-missing-field-initializers -Wpointer-arith -Wwrite-strings -Wdeclaration-after-statement -Wimplicit-function-declaration   -c conftest.c"
conftest.c:3:20: fatal error: method.h: No such file or directory
compilation terminated.
checked program was:
/* begin */
1: #include "ruby.h"
2: 
3: #include <method.h>
4: 
5: /*top*/
6: int main() {return 0;}
7: int s = (char *)&((rb_method_entry_t*)0)->called_id - (char *)0;
/* end */

--------------------

have_struct_member: checking for rb_control_frame_t.method_id in method.h... -------------------- no

"gcc -I/home/ta/.rbenv/versions/1.9.3-p327/include/ruby-1.9.1/i686-linux -I/home/ta/.rbenv/versions/1.9.3-p327/include/ruby-1.9.1/ruby/backward -I/home/ta/.rbenv/versions/1.9.3-p327/include/ruby-1.9.1 -I. -I/home/ta/.rbenv/versions/1.9.3-p327/include/ruby-1.9.1/ruby-1.9.3-p327  -O3 -ggdb -Wall -Wextra -Wno-unused-parameter -Wno-parentheses -Wno-long-long -Wno-missing-field-initializers -Wpointer-arith -Wwrite-strings -Wdeclaration-after-statement -Wimplicit-function-declaration   -c conftest.c"
conftest.c:3:20: fatal error: method.h: No such file or directory
compilation terminated.
checked program was:
/* begin */
1: #include "ruby.h"
2: 
3: #include <method.h>
4: 
5: /*top*/
6: int main() {return 0;}
7: int s = (char *)&((rb_control_frame_t*)0)->method_id - (char *)0;
/* end */

--------------------

have_struct_member: checking for rb_method_entry_t.called_id in method.h... -------------------- yes

"gcc -I/home/ta/.rbenv/versions/1.9.3-p327/include/ruby-1.9.1/i686-linux -I/home/ta/.rbenv/versions/1.9.3-p327/include/ruby-1.9.1/ruby/backward -I/home/ta/.rbenv/versions/1.9.3-p327/include/ruby-1.9.1 -I. -I/home/ta/wadror/ratebeer/vendor/bundle/ruby/1.9.1/gems/debugger-ruby_core_source-1.2.3/lib/debugger/ruby_core_source/ruby-1.9.3-p327  -O3 -ggdb -Wall -Wextra -Wno-unused-parameter -Wno-parentheses -Wno-long-long -Wno-missing-field-initializers -Wpointer-arith -Wwrite-strings -Wdeclaration-after-statement -Wimplicit-function-declaration   -c conftest.c"
checked program was:
/* begin */
1: #include "ruby.h"
2: 
3: #include <method.h>
4: 
5: /*top*/
6: int main() {return 0;}
7: int s = (char *)&((rb_method_entry_t*)0)->called_id - (char *)0;
/* end */

--------------------

have_header: checking for vm_core.h... -------------------- yes

"gcc -E -I/home/ta/.rbenv/versions/1.9.3-p327/include/ruby-1.9.1/i686-linux -I/home/ta/.rbenv/versions/1.9.3-p327/include/ruby-1.9.1/ruby/backward -I/home/ta/.rbenv/versions/1.9.3-p327/include/ruby-1.9.1 -I. -I/home/ta/wadror/ratebeer/vendor/bundle/ruby/1.9.1/gems/debugger-ruby_core_source-1.2.3/lib/debugger/ruby_core_source/ruby-1.9.3-p327  -O3 -ggdb -Wall -Wextra -Wno-unused-parameter -Wno-parentheses -Wno-long-long -Wno-missing-field-initializers -Wpointer-arith -Wwrite-strings -Wdeclaration-after-statement -Wimplicit-function-declaration  conftest.c -o conftest.i"
checked program was:
/* begin */
1: #include "ruby.h"
2: 
3: #include <vm_core.h>
/* end */

--------------------

have_header: checking for iseq.h... -------------------- yes

"gcc -E -I/home/ta/.rbenv/versions/1.9.3-p327/include/ruby-1.9.1/i686-linux -I/home/ta/.rbenv/versions/1.9.3-p327/include/ruby-1.9.1/ruby/backward -I/home/ta/.rbenv/versions/1.9.3-p327/include/ruby-1.9.1 -I. -I/home/ta/wadror/ratebeer/vendor/bundle/ruby/1.9.1/gems/debugger-ruby_core_source-1.2.3/lib/debugger/ruby_core_source/ruby-1.9.3-p327  -O3 -ggdb -Wall -Wextra -Wno-unused-parameter -Wno-parentheses -Wno-long-long -Wno-missing-field-initializers -Wpointer-arith -Wwrite-strings -Wdeclaration-after-statement -Wimplicit-function-declaration  conftest.c -o conftest.i"
checked program was:
/* begin */
1: #include "ruby.h"
2: 
3: #include <iseq.h>
/* end */

--------------------

have_header: checking for insns.inc... -------------------- yes

"gcc -E -I/home/ta/.rbenv/versions/1.9.3-p327/include/ruby-1.9.1/i686-linux -I/home/ta/.rbenv/versions/1.9.3-p327/include/ruby-1.9.1/ruby/backward -I/home/ta/.rbenv/versions/1.9.3-p327/include/ruby-1.9.1 -I. -I/home/ta/wadror/ratebeer/vendor/bundle/ruby/1.9.1/gems/debugger-ruby_core_source-1.2.3/lib/debugger/ruby_core_source/ruby-1.9.3-p327  -O3 -ggdb -Wall -Wextra -Wno-unused-parameter -Wno-parentheses -Wno-long-long -Wno-missing-field-initializers -Wpointer-arith -Wwrite-strings -Wdeclaration-after-statement -Wimplicit-function-declaration  conftest.c -o conftest.i"
checked program was:
/* begin */
1: #include "ruby.h"
2: 
3: #include <insns.inc>
/* end */

--------------------

have_header: checking for insns_info.inc... -------------------- yes

"gcc -E -I/home/ta/.rbenv/versions/1.9.3-p327/include/ruby-1.9.1/i686-linux -I/home/ta/.rbenv/versions/1.9.3-p327/include/ruby-1.9.1/ruby/backward -I/home/ta/.rbenv/versions/1.9.3-p327/include/ruby-1.9.1 -I. -I/home/ta/wadror/ratebeer/vendor/bundle/ruby/1.9.1/gems/debugger-ruby_core_source-1.2.3/lib/debugger/ruby_core_source/ruby-1.9.3-p327  -O3 -ggdb -Wall -Wextra -Wno-unused-parameter -Wno-parentheses -Wno-long-long -Wno-missing-field-initializers -Wpointer-arith -Wwrite-strings -Wdeclaration-after-statement -Wimplicit-function-declaration  conftest.c -o conftest.i"
checked program was:
/* begin */
1: #include "ruby.h"
2: 
3: #include <insns_info.inc>
/* end */

--------------------

have_header: checking for eval_intern.h... -------------------- yes

"gcc -E -I/home/ta/.rbenv/versions/1.9.3-p327/include/ruby-1.9.1/i686-linux -I/home/ta/.rbenv/versions/1.9.3-p327/include/ruby-1.9.1/ruby/backward -I/home/ta/.rbenv/versions/1.9.3-p327/include/ruby-1.9.1 -I. -I/home/ta/wadror/ratebeer/vendor/bundle/ruby/1.9.1/gems/debugger-ruby_core_source-1.2.3/lib/debugger/ruby_core_source/ruby-1.9.3-p327  -O3 -ggdb -Wall -Wextra -Wno-unused-parameter -Wno-parentheses -Wno-long-long -Wno-missing-field-initializers -Wpointer-arith -Wwrite-strings -Wdeclaration-after-statement -Wimplicit-function-declaration  conftest.c -o conftest.i"
checked program was:
/* begin */
1: #include "ruby.h"
2: 
3: #include <eval_intern.h>
/* end */

--------------------

have_type: checking for struct iseq_line_info_entry in vm_core.h,iseq.h... -------------------- no

"gcc -I/home/ta/.rbenv/versions/1.9.3-p327/include/ruby-1.9.1/i686-linux -I/home/ta/.rbenv/versions/1.9.3-p327/include/ruby-1.9.1/ruby/backward -I/home/ta/.rbenv/versions/1.9.3-p327/include/ruby-1.9.1 -I. -I/home/ta/wadror/ratebeer/vendor/bundle/ruby/1.9.1/gems/debugger-ruby_core_source-1.2.3/lib/debugger/ruby_core_source/ruby-1.9.3-p327  -O3 -ggdb -Wall -Wextra -Wno-unused-parameter -Wno-parentheses -Wno-long-long -Wno-missing-field-initializers -Wpointer-arith -Wwrite-strings -Wdeclaration-after-statement -Wimplicit-function-declaration   -c conftest.c"
conftest.c:8:24: error: invalid application of ‘sizeof’ to incomplete type ‘conftest_type’
checked program was:
/* begin */
1: #include "ruby.h"
2: 
3: #include <vm_core.h>
4: #include <iseq.h>
5: 
6: /*top*/
7: typedef struct iseq_line_info_entry conftest_type;
8: int conftestval[sizeof(conftest_type)?1:-1];
/* end */

--------------------

have_type: checking for struct iseq_insn_info_entry in vm_core.h,iseq.h... -------------------- yes

"gcc -I/home/ta/.rbenv/versions/1.9.3-p327/include/ruby-1.9.1/i686-linux -I/home/ta/.rbenv/versions/1.9.3-p327/include/ruby-1.9.1/ruby/backward -I/home/ta/.rbenv/versions/1.9.3-p327/include/ruby-1.9.1 -I. -I/home/ta/wadror/ratebeer/vendor/bundle/ruby/1.9.1/gems/debugger-ruby_core_source-1.2.3/lib/debugger/ruby_core_source/ruby-1.9.3-p327  -O3 -ggdb -Wall -Wextra -Wno-unused-parameter -Wno-parentheses -Wno-long-long -Wno-missing-field-initializers -Wpointer-arith -Wwrite-strings -Wdeclaration-after-statement -Wimplicit-function-declaration   -c conftest.c"
checked program was:
/* begin */
1: #include "ruby.h"
2: 
3: #include <vm_core.h>
4: #include <iseq.h>
5: 
6: /*top*/
7: typedef struct iseq_insn_info_entry conftest_type;
8: int conftestval[sizeof(conftest_type)?1:-1];
/* end */

--------------------

block in <main>: checking for if rb_iseq_compile_with_option was added an argument filepath... -------------------- yes

"gcc -I/home/ta/.rbenv/versions/1.9.3-p327/include/ruby-1.9.1/i686-linux -I/home/ta/.rbenv/versions/1.9.3-p327/include/ruby-1.9.1/ruby/backward -I/home/ta/.rbenv/versions/1.9.3-p327/include/ruby-1.9.1 -I. -I/home/ta/wadror/ratebeer/vendor/bundle/ruby/1.9.1/gems/debugger-ruby_core_source-1.2.3/lib/debugger/ruby_core_source/ruby-1.9.3-p327  -O3 -ggdb -Wall -Wextra -Wno-unused-parameter -Wno-parentheses -Wno-long-long -Wno-missing-field-initializers -Wpointer-arith -Wwrite-strings -Wdeclaration-after-statement -Wimplicit-function-declaration   -c conftest.c"
checked program was:
/* begin */
1: #include "ruby.h"
2: 
3: #include <ruby.h>
4: #include "vm_core.h"
5: extern VALUE rb_iseq_new_main(NODE *node, VALUE filename, VALUE filepath);
/* end */

--------------------

